[debug] [2019-06-21T08:13:21.076Z] ----------------------------------------------------------------------
[debug] [2019-06-21T08:13:21.078Z] Command:       C:\Program Files\nodejs\node.exe C:\Users\mtsy\AppData\Roaming\npm\node_modules\firebase-tools\lib\bin\firebase.js deploy
[debug] [2019-06-21T08:13:21.078Z] CLI Version:   6.11.0
[debug] [2019-06-21T08:13:21.078Z] Platform:      win32
[debug] [2019-06-21T08:13:21.078Z] Node Version:  v12.3.1
[debug] [2019-06-21T08:13:21.079Z] Time:          Fri Jun 21 2019 11:13:21 GMT+0300 (Eastern European Summer Time)
[debug] [2019-06-21T08:13:21.079Z] ----------------------------------------------------------------------
[debug] 
[debug] [2019-06-21T08:13:21.115Z] > command requires scopes: ["email","openid","https://www.googleapis.com/auth/cloudplatformprojects.readonly","https://www.googleapis.com/auth/firebase","https://www.googleapis.com/auth/cloud-platform"]
[debug] [2019-06-21T08:13:21.116Z] > authorizing via signed-in user
[debug] [2019-06-21T08:13:21.116Z] [iam] checking project kit-starter-198 for permissions ["firebase.projects.get","firebasehosting.sites.update"]
[debug] [2019-06-21T08:13:21.117Z] > refreshing access token with scopes: ["email","https://www.googleapis.com/auth/cloud-platform","https://www.googleapis.com/auth/cloudplatformprojects.readonly","https://www.googleapis.com/auth/firebase","openid"]
[debug] [2019-06-21T08:13:21.117Z] >>> HTTP REQUEST POST https://www.googleapis.com/oauth2/v3/token  
 <request body omitted>
[debug] [2019-06-21T08:13:21.306Z] <<< HTTP RESPONSE 200
[debug] [2019-06-21T08:13:21.489Z] >>> HTTP REQUEST POST https://cloudresourcemanager.googleapis.com/v1/projects/kit-starter-198:testIamPermissions  

[debug] [2019-06-21T08:13:22.567Z] <<< HTTP RESPONSE 200
[debug] [2019-06-21T08:13:22.567Z] >>> HTTP REQUEST GET https://firebase.googleapis.com/v1beta1/projects/kit-starter-198  
 
[debug] [2019-06-21T08:13:22.926Z] <<< HTTP RESPONSE 200
[info] 
[info] === Deploying to 'kit-starter-198'...
[info] 
[info] i  deploying hosting
[debug] [2019-06-21T08:13:22.933Z] >>> HTTP REQUEST POST https://firebasehosting.googleapis.com/v1beta1/sites/kit-starter-198/versions  

[debug] [2019-06-21T08:13:24.709Z] <<< HTTP RESPONSE 200
[info] i  hosting[kit-starter-198]: beginning deploy...
[info] i  hosting[kit-starter-198]: found 52 files in dist
[debug] [2019-06-21T08:13:24.772Z] [hosting] hash cache [ZGlzdA] load error: lines is not defined
[debug] [2019-06-21T08:13:25.997Z] [hosting] hash cache [ZGlzdA] stored for 52 files
[debug] [2019-06-21T08:13:25.997Z] [hosting][hash queue][FINAL]
[debug] [2019-06-21T08:13:25.998Z] >>> HTTP REQUEST POST https://firebasehosting.googleapis.com/v1beta1/sites/kit-starter-198/versions/d2e3fbe09880df89:populateFiles  
 <request body omitted>
[debug] [2019-06-21T08:13:28.265Z] <<< HTTP RESPONSE 200
[debug] [2019-06-21T08:13:28.275Z] [hosting][populate queue][FINAL]
[debug] [2019-06-21T08:13:28.275Z] [hosting] uploads queued: 15
